<?xml version="1.0" encoding="UTF-8"?>
<testsuite name="mk.finki.ukim.SILab2Test" tests="2" skipped="0" failures="0" errors="0" timestamp="2023-05-30T19:30:48" hostname="SLAVCO" time="0.037">
  <properties/>
  <testcase name="multipleConditionCriteriaTest()" classname="mk.finki.ukim.SILab2Test" time="0.032"/>
  <testcase name="everyBranchCriteriaTest()" classname="mk.finki.ukim.SILab2Test" time="0.004"/>
  <system-out><![CDATA[]]></system-out>
  <system-err><![CDATA[]]></system-err>
</testsuite>
